-------------------------------------------------------------------------------
Test set: User should be able to login using correct credentials
-------------------------------------------------------------------------------
Tests run: 3, Failures: 0, Errors: 1, Skipped: 0, Time elapsed: 22.676 s <<< FAILURE! - in User should be able to login using correct credentials
User should be able to login using correct credentials.User should be able to see all 12 months in  Time elapsed: 7.54 s  <<< ERROR!
java.lang.IllegalArgumentException: Keys to send should be a not null CharSequence

